<?xml version="1.0" encoding="UTF-8"?>
<testsuite xmlns:xsi="http://www.w3.org/2001/XMLSchema-instance" xsi:noNamespaceSchemaLocation="https://maven.apache.org/surefire/maven-surefire-plugin/xsd/surefire-test-report-3.0.xsd" version="3.0" name="com.koerber.order.controller.OrderControllerIntegrationTest" time="15.581" tests="3" errors="0" skipped="0" failures="0">
  <properties>
[...]
</properties>
  <testcase name="placeOrder_whenInsufficientInventory_shouldReturn422" classname="com.koerber.order.controller.OrderControllerIntegrationTest" time="0.426">
    <system-out><![CDATA[02:20:37.398 [main] INFO org.springframework.test.context.support.AnnotationConfigContextLoaderUtils -- Could not detect default configuration classes for test class [com.koerber.order.controller.OrderControllerIntegrationTest]: OrderControllerIntegrationTest does not declare any static, non-private, non-final, nested classes annotated with @Configuration.
02:20:37.752 [main] INFO org.springframework.boot.test.context.SpringBootTestContextBootstrapper -- Found @SpringBootConfiguration com.koerber.order.OrderServiceApplication for test class com.koerber.order.controller.OrderControllerIntegrationTest

  .   ____          _            __ _ _
 /\\ / ___'_ __ _ _(_)_ __  __ _ \ \ \ \
( ( )\___ | '_ | '_| | '_ \/ _` | \ \ \ \
 \\/  ___)| |_)| | | | | || (_| |  ) ) ) )
  '  |____| .__|_| |_|_| |_\__, | / / / /
 =========|_|==============|___/=/_/_/_/
 :: Spring Boot ::                (v3.2.3)

2026-02-19T02:20:38.648+05:30  INFO 24740 --- [order-service] [           main] c.k.o.c.OrderControllerIntegrationTest   : Starting OrderControllerIntegrationTest using Java 21.0.7 with PID 24740 (started by PG221QT in C:\Users\PG221QT\Downloads\microservices\koerber-microservices\order-service)
2026-02-19T02:20:38.652+05:30  INFO 24740 --- [order-service] [           main] c.k.o.c.OrderControllerIntegrationTest   : No active profile set, falling back to 1 default profile: "default"
2026-02-19T02:20:40.370+05:30  INFO 24740 --- [order-service] [           main] .s.d.r.c.RepositoryConfigurationDelegate : Bootstrapping Spring Data JPA repositories in DEFAULT mode.
2026-02-19T02:20:40.482+05:30  INFO 24740 --- [order-service] [           main] .s.d.r.c.RepositoryConfigurationDelegate : Finished Spring Data repository scanning in 99 ms. Found 1 JPA repository interface.
2026-02-19T02:20:43.949+05:30  INFO 24740 --- [order-service] [           main] com.zaxxer.hikari.HikariDataSource       : HikariPool-1 - Starting...
2026-02-19T02:20:44.450+05:30  INFO 24740 --- [order-service] [           main] com.zaxxer.hikari.pool.HikariPool        : HikariPool-1 - Added connection conn0: url=jdbc:h2:mem:orderdb user=SA
2026-02-19T02:20:44.450+05:30  INFO 24740 --- [order-service] [           main] com.zaxxer.hikari.HikariDataSource       : HikariPool-1 - Start completed.
2026-02-19T02:20:44.674+05:30  INFO 24740 --- [order-service] [           main] liquibase.database                       : Set default schema name to PUBLIC
2026-02-19T02:20:46.018+05:30  INFO 24740 --- [order-service] [           main] liquibase.changelog                      : Creating database history table with name: PUBLIC.DATABASECHANGELOG
2026-02-19T02:20:46.382+05:30  INFO 24740 --- [order-service] [           main] liquibase.changelog                      : Reading from PUBLIC.DATABASECHANGELOG
2026-02-19T02:20:46.540+05:30  INFO 24740 --- [order-service] [           main] liquibase.lockservice                    : Successfully acquired change log lock
2026-02-19T02:20:46.540+05:30  INFO 24740 --- [order-service] [           main] liquibase.command                        : Using deploymentId: 1447846540
2026-02-19T02:20:46.553+05:30  INFO 24740 --- [order-service] [           main] liquibase.changelog                      : Reading from PUBLIC.DATABASECHANGELOG
Running Changeset: db/changelog/01-create-orders-table.xml::01-create-orders-table::koerber
2026-02-19T02:20:46.654+05:30  INFO 24740 --- [order-service] [           main] liquibase.changelog                      : Table orders created
2026-02-19T02:20:46.654+05:30  INFO 24740 --- [order-service] [           main] liquibase.changelog                      : ChangeSet db/changelog/01-create-orders-table.xml::01-create-orders-table::koerber ran successfully in 24ms
Running Changeset: db/changelog/02-load-orders-data.xml::02-load-orders-data::koerber
2026-02-19T02:20:46.793+05:30  INFO 24740 --- [order-service] [           main] liquibase.statement                      : Executing JDBC DML batch was successful. 10 operations were executed, 1 individual UPDATE events were confirmed by the database.
2026-02-19T02:20:46.793+05:30  INFO 24740 --- [order-service] [           main] liquibase.changelog                      : Data loaded from 'db/changelog/data/orders.csv' into table 'orders'
2026-02-19T02:20:46.815+05:30  INFO 24740 --- [order-service] [           main] liquibase.changelog                      : Custom SQL executed
2026-02-19T02:20:46.815+05:30  INFO 24740 --- [order-service] [           main] liquibase.changelog                      : ChangeSet db/changelog/02-load-orders-data.xml::02-load-orders-data::koerber ran successfully in 132ms
2026-02-19T02:20:46.827+05:30  INFO 24740 --- [order-service] [           main] liquibase.util                           : UPDATE SUMMARY
2026-02-19T02:20:46.827+05:30  INFO 24740 --- [order-service] [           main] liquibase.util                           : Run:                          2
2026-02-19T02:20:46.827+05:30  INFO 24740 --- [order-service] [           main] liquibase.util                           : Previously run:               0
2026-02-19T02:20:46.827+05:30  INFO 24740 --- [order-service] [           main] liquibase.util                           : Filtered out:                 0
2026-02-19T02:20:46.827+05:30  INFO 24740 --- [order-service] [           main] liquibase.util                           : -------------------------------
2026-02-19T02:20:46.827+05:30  INFO 24740 --- [order-service] [           main] liquibase.util                           : Total change sets:            2
2026-02-19T02:20:46.827+05:30  INFO 24740 --- [order-service] [           main] liquibase.util                           : Update summary generated
2026-02-19T02:20:46.831+05:30  INFO 24740 --- [order-service] [           main] liquibase.command                        : Update command completed successfully.
Liquibase: Update has been successful. Rows affected: 2
2026-02-19T02:20:46.840+05:30  INFO 24740 --- [order-service] [           main] liquibase.lockservice                    : Successfully released change log lock
2026-02-19T02:20:46.840+05:30  INFO 24740 --- [order-service] [           main] liquibase.command                        : Command execution complete
2026-02-19T02:20:47.188+05:30  INFO 24740 --- [order-service] [           main] o.hibernate.jpa.internal.util.LogHelper  : HHH000204: Processing PersistenceUnitInfo [name: default]
2026-02-19T02:20:47.379+05:30  INFO 24740 --- [order-service] [           main] org.hibernate.Version                    : HHH000412: Hibernate ORM core version 6.4.4.Final
2026-02-19T02:20:47.443+05:30  INFO 24740 --- [order-service] [           main] o.h.c.internal.RegionFactoryInitiator    : HHH000026: Second-level cache disabled
2026-02-19T02:20:47.697+05:30  INFO 24740 --- [order-service] [           main] o.s.o.j.p.SpringPersistenceUnitInfo      : No LoadTimeWeaver setup: ignoring JPA class transformer
2026-02-19T02:20:49.135+05:30  INFO 24740 --- [order-service] [           main] o.h.e.t.j.p.i.JtaPlatformInitiator       : HHH000489: No JTA platform available (set 'hibernate.transaction.jta.platform' to enable JTA platform integration)
2026-02-19T02:20:49.142+05:30  INFO 24740 --- [order-service] [           main] j.LocalContainerEntityManagerFactoryBean : Initialized JPA EntityManagerFactory for persistence unit 'default'
2026-02-19T02:20:51.613+05:30  INFO 24740 --- [order-service] [           main] o.s.b.a.h2.H2ConsoleAutoConfiguration    : H2 console available at '/h2-console'. Database available at 'jdbc:h2:mem:orderdb'
2026-02-19T02:20:51.799+05:30  INFO 24740 --- [order-service] [           main] o.s.b.t.m.w.SpringBootMockServletContext : Initializing Spring TestDispatcherServlet ''
2026-02-19T02:20:51.801+05:30  INFO 24740 --- [order-service] [           main] o.s.t.web.servlet.TestDispatcherServlet  : Initializing Servlet ''
2026-02-19T02:20:51.801+05:30  INFO 24740 --- [order-service] [           main] o.s.t.web.servlet.TestDispatcherServlet  : Completed initialization in 0 ms
2026-02-19T02:20:51.888+05:30  INFO 24740 --- [order-service] [           main] c.k.o.c.OrderControllerIntegrationTest   : Started OrderControllerIntegrationTest in 13.77 seconds (process running for 16.523)
]]></system-out>
    <system-err><![CDATA[WARNING: A Java agent has been loaded dynamically (C:\Users\PG221QT\.m2\repository\net\bytebuddy\byte-buddy-agent\1.14.12\byte-buddy-agent-1.14.12.jar)
WARNING: If a serviceability tool is in use, please run with -XX:+EnableDynamicAgentLoading to hide this warning
WARNING: If a serviceability tool is not in use, please run with -Djdk.instrument.traceUsage for more information
WARNING: Dynamic loading of agents will be disallowed by default in a future release
]]></system-err>
  </testcase>
  <testcase name="placeOrder_shouldReturn201WithOrderDetails" classname="com.koerber.order.controller.OrderControllerIntegrationTest" time="0.149">
    <system-out><![CDATA[Hibernate: insert into orders (order_date,product_id,product_name,quantity,reserved_batch_ids,status,order_id) values (?,?,?,?,?,?,default)
]]></system-out>
  </testcase>
  <testcase name="placeOrder_whenQuantityIsZero_shouldReturn400" classname="com.koerber.order.controller.OrderControllerIntegrationTest" time="0.0"/>
</testsuite>